[debug] [2025-10-25T01:42:45.768Z] ----------------------------------------------------------------------
[debug] [2025-10-25T01:42:45.769Z] Command:       /usr/local/bin/node /usr/local/bin/firebase init
[debug] [2025-10-25T01:42:45.770Z] CLI Version:   14.22.0
[debug] [2025-10-25T01:42:45.770Z] Platform:      darwin
[debug] [2025-10-25T01:42:45.770Z] Node Version:  v22.13.1
[debug] [2025-10-25T01:42:45.770Z] Time:          Sat Oct 25 2025 09:42:45 GMT+0800 (Central Indonesia Time)
[debug] [2025-10-25T01:42:45.770Z] ----------------------------------------------------------------------
[debug] 
[debug] [2025-10-25T01:42:45.771Z] >>> [apiv2][query] GET https://firebase-public.firebaseio.com/cli.json [none]
[info] 
     ######## #### ########  ######## ########     ###     ######  ########
     ##        ##  ##     ## ##       ##     ##  ##   ##  ##       ##
     ######    ##  ########  ######   ########  #########  ######  ######
     ##        ##  ##    ##  ##       ##     ## ##     ##       ## ##
     ##       #### ##     ## ######## ########  ##     ##  ######  ########

You're about to initialize a Firebase project in this directory:

  /Users/macbookairm1/Documents/catatan-keunangan

[debug] [2025-10-25T01:42:46.474Z] <<< [apiv2][status] GET https://firebase-public.firebaseio.com/cli.json 200
[debug] [2025-10-25T01:42:46.475Z] <<< [apiv2][body] GET https://firebase-public.firebaseio.com/cli.json {"cloudBuildErrorAfter":1594252800000,"cloudBuildWarnAfter":1590019200000,"defaultNode10After":1594252800000,"minVersion":"3.0.5","node8DeploysDisabledAfter":1613390400000,"node8RuntimeDisabledAfter":1615809600000,"node8WarnAfter":1600128000000}
[info] 
=== Project Setup
[info] 
[info] First, let's associate this project directory with a Firebase project.
[info] You can create multiple project aliases by running firebase use --add, 
[info] 
[debug] [2025-10-25T01:43:55.288Z] > command requires scopes: ["email","openid","https://www.googleapis.com/auth/cloudplatformprojects.readonly","https://www.googleapis.com/auth/firebase","https://www.googleapis.com/auth/cloud-platform"]
[debug] [2025-10-25T01:43:55.289Z] > authorizing via signed-in user (lambangws9@gmail.com)
[debug] [2025-10-25T01:43:55.291Z] Checked if tokens are valid: false, expires at: 1757661817203
[debug] [2025-10-25T01:43:55.291Z] Checked if tokens are valid: false, expires at: 1757661817203
[debug] [2025-10-25T01:43:55.291Z] > refreshing access token with scopes: []
[debug] [2025-10-25T01:43:55.293Z] >>> [apiv2][query] POST https://www.googleapis.com/oauth2/v3/token [none]
[debug] [2025-10-25T01:43:55.293Z] >>> [apiv2][body] POST https://www.googleapis.com/oauth2/v3/token [omitted]
[debug] [2025-10-25T01:43:55.470Z] <<< [apiv2][status] POST https://www.googleapis.com/oauth2/v3/token 200
[debug] [2025-10-25T01:43:55.471Z] <<< [apiv2][body] POST https://www.googleapis.com/oauth2/v3/token [omitted]
[debug] [2025-10-25T01:43:55.488Z] >>> [apiv2][query] GET https://firebase.googleapis.com/v1beta1/projects pageSize=100
[debug] [2025-10-25T01:43:56.123Z] <<< [apiv2][status] GET https://firebase.googleapis.com/v1beta1/projects 200
[debug] [2025-10-25T01:43:56.123Z] <<< [apiv2][body] GET https://firebase.googleapis.com/v1beta1/projects [omitted]
[info] 
=== Dataconnect Setup
[debug] [2025-10-25T01:43:58.156Z] Checked if tokens are valid: true, expires at: 1761360234471
[debug] [2025-10-25T01:43:58.156Z] Checked if tokens are valid: true, expires at: 1761360234471
[debug] [2025-10-25T01:43:58.156Z] >>> [apiv2][query] GET https://cloudbilling.googleapis.com/v1/projects/pencatan-keuangan/billingInfo [none]
[debug] [2025-10-25T01:43:59.075Z] <<< [apiv2][status] GET https://cloudbilling.googleapis.com/v1/projects/pencatan-keuangan/billingInfo 200
[debug] [2025-10-25T01:43:59.075Z] <<< [apiv2][body] GET https://cloudbilling.googleapis.com/v1/projects/pencatan-keuangan/billingInfo {"name":"projects/pencatan-keuangan/billingInfo","projectId":"pencatan-keuangan","billingAccountName":"","billingEnabled":false}
[info] i  dataconnect: ensuring required API firebasedataconnect.googleapis.com is enabled... 
[debug] [2025-10-25T01:43:59.077Z] Checked if tokens are valid: true, expires at: 1761360234471
[debug] [2025-10-25T01:43:59.077Z] Checked if tokens are valid: true, expires at: 1761360234471
[info] i  dataconnect: ensuring required API sqladmin.googleapis.com is enabled... 
[debug] [2025-10-25T01:43:59.077Z] Checked if tokens are valid: true, expires at: 1761360234471
[debug] [2025-10-25T01:43:59.077Z] Checked if tokens are valid: true, expires at: 1761360234471
[debug] [2025-10-25T01:43:59.078Z] >>> [apiv2][query] GET https://serviceusage.googleapis.com/v1/projects/pencatan-keuangan/services/firebasedataconnect.googleapis.com [none]
[debug] [2025-10-25T01:43:59.078Z] >>> [apiv2][(partial)header] GET https://serviceusage.googleapis.com/v1/projects/pencatan-keuangan/services/firebasedataconnect.googleapis.com x-goog-quota-user=projects/pencatan-keuangan
[debug] [2025-10-25T01:43:59.081Z] >>> [apiv2][query] GET https://serviceusage.googleapis.com/v1/projects/pencatan-keuangan/services/sqladmin.googleapis.com [none]
[debug] [2025-10-25T01:43:59.081Z] >>> [apiv2][(partial)header] GET https://serviceusage.googleapis.com/v1/projects/pencatan-keuangan/services/sqladmin.googleapis.com x-goog-quota-user=projects/pencatan-keuangan
[debug] [2025-10-25T01:44:00.820Z] <<< [apiv2][status] GET https://serviceusage.googleapis.com/v1/projects/pencatan-keuangan/services/firebasedataconnect.googleapis.com 200
[debug] [2025-10-25T01:44:00.820Z] <<< [apiv2][body] GET https://serviceusage.googleapis.com/v1/projects/pencatan-keuangan/services/firebasedataconnect.googleapis.com [omitted]
[warn] ⚠  dataconnect: missing required API firebasedataconnect.googleapis.com. Enabling now... 
[debug] [2025-10-25T01:44:00.822Z] Checked if tokens are valid: true, expires at: 1761360234471
[debug] [2025-10-25T01:44:00.822Z] Checked if tokens are valid: true, expires at: 1761360234471
[debug] [2025-10-25T01:44:00.822Z] >>> [apiv2][query] POST https://serviceusage.googleapis.com/v1/projects/pencatan-keuangan/services/firebasedataconnect.googleapis.com:enable [none]
[debug] [2025-10-25T01:44:00.822Z] >>> [apiv2][(partial)header] POST https://serviceusage.googleapis.com/v1/projects/pencatan-keuangan/services/firebasedataconnect.googleapis.com:enable x-goog-quota-user=projects/pencatan-keuangan
[debug] [2025-10-25T01:44:00.825Z] <<< [apiv2][status] GET https://serviceusage.googleapis.com/v1/projects/pencatan-keuangan/services/sqladmin.googleapis.com 200
[debug] [2025-10-25T01:44:00.825Z] <<< [apiv2][body] GET https://serviceusage.googleapis.com/v1/projects/pencatan-keuangan/services/sqladmin.googleapis.com [omitted]
[warn] ⚠  dataconnect: missing required API sqladmin.googleapis.com. Enabling now... 
[debug] [2025-10-25T01:44:00.825Z] Checked if tokens are valid: true, expires at: 1761360234471
[debug] [2025-10-25T01:44:00.826Z] Checked if tokens are valid: true, expires at: 1761360234471
[debug] [2025-10-25T01:44:00.826Z] >>> [apiv2][query] POST https://serviceusage.googleapis.com/v1/projects/pencatan-keuangan/services/sqladmin.googleapis.com:enable [none]
[debug] [2025-10-25T01:44:00.826Z] >>> [apiv2][(partial)header] POST https://serviceusage.googleapis.com/v1/projects/pencatan-keuangan/services/sqladmin.googleapis.com:enable x-goog-quota-user=projects/pencatan-keuangan
[debug] [2025-10-25T01:44:01.238Z] <<< [apiv2][status] POST https://serviceusage.googleapis.com/v1/projects/pencatan-keuangan/services/firebasedataconnect.googleapis.com:enable 200
[debug] [2025-10-25T01:44:01.238Z] <<< [apiv2][body] POST https://serviceusage.googleapis.com/v1/projects/pencatan-keuangan/services/firebasedataconnect.googleapis.com:enable [omitted]
[debug] [2025-10-25T01:44:02.274Z] <<< [apiv2][status] POST https://serviceusage.googleapis.com/v1/projects/pencatan-keuangan/services/sqladmin.googleapis.com:enable 200
[debug] [2025-10-25T01:44:02.274Z] <<< [apiv2][body] POST https://serviceusage.googleapis.com/v1/projects/pencatan-keuangan/services/sqladmin.googleapis.com:enable [omitted]
[debug] [2025-10-25T01:44:12.284Z] Checked if tokens are valid: true, expires at: 1761360234471
[debug] [2025-10-25T01:44:12.284Z] Checked if tokens are valid: true, expires at: 1761360234471
[debug] [2025-10-25T01:44:12.284Z] >>> [apiv2][query] GET https://firebasedataconnect.googleapis.com/v1/projects/pencatan-keuangan/locations/-/services [none]
[debug] [2025-10-25T01:44:14.012Z] <<< [apiv2][status] GET https://firebasedataconnect.googleapis.com/v1/projects/pencatan-keuangan/locations/-/services 200
[debug] [2025-10-25T01:44:14.012Z] <<< [apiv2][body] GET https://firebasedataconnect.googleapis.com/v1/projects/pencatan-keuangan/locations/-/services {}
[info] i  : ensuring required API cloudaicompanion.googleapis.com is enabled... 
[debug] [2025-10-25T01:44:36.091Z] Checked if tokens are valid: true, expires at: 1761360234471
[debug] [2025-10-25T01:44:36.091Z] Checked if tokens are valid: true, expires at: 1761360234471
[debug] [2025-10-25T01:44:36.092Z] >>> [apiv2][query] GET https://serviceusage.googleapis.com/v1/projects/pencatan-keuangan/services/cloudaicompanion.googleapis.com [none]
[debug] [2025-10-25T01:44:36.092Z] >>> [apiv2][(partial)header] GET https://serviceusage.googleapis.com/v1/projects/pencatan-keuangan/services/cloudaicompanion.googleapis.com x-goog-quota-user=projects/pencatan-keuangan
[debug] [2025-10-25T01:44:37.510Z] <<< [apiv2][status] GET https://serviceusage.googleapis.com/v1/projects/pencatan-keuangan/services/cloudaicompanion.googleapis.com 200
[debug] [2025-10-25T01:44:37.510Z] <<< [apiv2][body] GET https://serviceusage.googleapis.com/v1/projects/pencatan-keuangan/services/cloudaicompanion.googleapis.com [omitted]
[info] ✔  : required API cloudaicompanion.googleapis.com is enabled 
[debug] [2025-10-25T01:44:47.487Z] Checked if tokens are valid: true, expires at: 1761360234471
[debug] [2025-10-25T01:44:47.487Z] Checked if tokens are valid: true, expires at: 1761360234471
[debug] [2025-10-25T01:44:47.487Z] >>> [apiv2][query] GET https://firebasedataconnect.googleapis.com/v1/projects/pencatan-keuangan/locations [none]
[debug] [2025-10-25T01:44:48.943Z] <<< [apiv2][status] GET https://firebasedataconnect.googleapis.com/v1/projects/pencatan-keuangan/locations 200
[debug] [2025-10-25T01:44:48.943Z] <<< [apiv2][body] GET https://firebasedataconnect.googleapis.com/v1/projects/pencatan-keuangan/locations {"locations":[{"name":"projects/pencatan-keuangan/locations/asia-east1","locationId":"asia-east1","displayName":"Taiwan"},{"name":"projects/pencatan-keuangan/locations/asia-east2","locationId":"asia-east2","displayName":"Hong Kong"},{"name":"projects/pencatan-keuangan/locations/asia-northeast1","locationId":"asia-northeast1","displayName":"Tokyo"},{"name":"projects/pencatan-keuangan/locations/asia-northeast2","locationId":"asia-northeast2","displayName":"Osaka"},{"name":"projects/pencatan-keuangan/locations/asia-northeast3","locationId":"asia-northeast3","displayName":"Seoul"},{"name":"projects/pencatan-keuangan/locations/asia-south1","locationId":"asia-south1","displayName":"Mumbai"},{"name":"projects/pencatan-keuangan/locations/asia-southeast1","locationId":"asia-southeast1","displayName":"Singapore"},{"name":"projects/pencatan-keuangan/locations/asia-southeast2","locationId":"asia-southeast2","displayName":"Jakarta"},{"name":"projects/pencatan-keuangan/locations/australia-southeast1","locationId":"australia-southeast1","displayName":"Sydney"},{"name":"projects/pencatan-keuangan/locations/australia-southeast2","locationId":"australia-southeast2","displayName":"Melbourne"},{"name":"projects/pencatan-keuangan/locations/europe-central2","locationId":"europe-central2","displayName":"Warsaw"},{"name":"projects/pencatan-keuangan/locations/europe-north1","locationId":"europe-north1","displayName":"Finland"},{"name":"projects/pencatan-keuangan/locations/europe-southwest1","locationId":"europe-southwest1","displayName":"Madrid"},{"name":"projects/pencatan-keuangan/locations/europe-west1","locationId":"europe-west1","displayName":"Belgium"},{"name":"projects/pencatan-keuangan/locations/europe-west2","locationId":"europe-west2","displayName":"London"},{"name":"projects/pencatan-keuangan/locations/europe-west3","locationId":"europe-west3","displayName":"Frankfurt"},{"name":"projects/pencatan-keuangan/locations/europe-west4","locationId":"europe-west4","displayName":"Netherlands"},{"name":"projects/pencatan-keuangan/locations/europe-west6","locationId":"europe-west6","displayName":"Zurich"},{"name":"projects/pencatan-keuangan/locations/europe-west8","locationId":"europe-west8","displayName":"Milan"},{"name":"projects/pencatan-keuangan/locations/europe-west9","locationId":"europe-west9","displayName":"Paris"},{"name":"projects/pencatan-keuangan/locations/me-west1","locationId":"me-west1","displayName":"Tel Aviv"},{"name":"projects/pencatan-keuangan/locations/northamerica-northeast1","locationId":"northamerica-northeast1","displayName":"Montréal"},{"name":"projects/pencatan-keuangan/locations/northamerica-northeast2","locationId":"northamerica-northeast2","displayName":"Toronto"},{"name":"projects/pencatan-keuangan/locations/southamerica-east1","locationId":"southamerica-east1","displayName":"São Paulo"},{"name":"projects/pencatan-keuangan/locations/southamerica-west1","locationId":"southamerica-west1","displayName":"Santiago"},{"name":"projects/pencatan-keuangan/locations/us-central1","locationId":"us-central1","displayName":"Iowa"},{"name":"projects/pencatan-keuangan/locations/us-east1","locationId":"us-east1","displayName":"South Carolina"},{"name":"projects/pencatan-keuangan/locations/us-east4","locationId":"us-east4","displayName":"Northern Virginia"},{"name":"projects/pencatan-keuangan/locations/us-south1","locationId":"us-south1","displayName":"Dallas"},{"name":"projects/pencatan-keuangan/locations/us-west1","locationId":"us-west1","displayName":"Oregon"},{"name":"projects/pencatan-keuangan/locations/us-west2","locationId":"us-west2","displayName":"Los Angeles"},{"name":"projects/pencatan-keuangan/locations/us-west3","locationId":"us-west3","displayName":"Salt Lake City"},{"name":"projects/pencatan-keuangan/locations/us-west4","locationId":"us-west4","displayName":"Las Vegas"}]}
[info] ✔  dataconnect: Detected existing apps . (web) 
[debug] [2025-10-25T01:44:56.515Z] Checked if tokens are valid: true, expires at: 1761360234471
[debug] [2025-10-25T01:44:56.515Z] Checked if tokens are valid: true, expires at: 1761360234471
[debug] [2025-10-25T01:44:56.516Z] >>> [apiv2][query] POST https://firebasedataconnect.googleapis.com/v1/projects/pencatan-keuangan/locations/us-east4/services service_id=catatan-keunangan
[debug] [2025-10-25T01:44:56.516Z] >>> [apiv2][body] POST https://firebasedataconnect.googleapis.com/v1/projects/pencatan-keuangan/locations/us-east4/services {"name":"projects/pencatan-keuangan/locations/us-east4/services/catatan-keunangan"}
[debug] [2025-10-25T01:45:00.002Z] <<< [apiv2][status] POST https://firebasedataconnect.googleapis.com/v1/projects/pencatan-keuangan/locations/us-east4/services 200
[debug] [2025-10-25T01:45:00.003Z] <<< [apiv2][body] POST https://firebasedataconnect.googleapis.com/v1/projects/pencatan-keuangan/locations/us-east4/services {"name":"projects/pencatan-keuangan/locations/us-east4/operations/operation-1761356697885-641f1d04cdaa2-cdb21478-6464e5cb","metadata":{"@type":"type.googleapis.com/google.firebase.dataconnect.v1.OperationMetadata","createTime":"2025-10-25T01:44:59.823839964Z","target":"projects/pencatan-keuangan/locations/us-east4/services/catatan-keunangan","verb":"create","requestedCancellation":false,"apiVersion":"v1"},"done":false}
[debug] [2025-10-25T01:45:00.005Z] Checked if tokens are valid: true, expires at: 1761360234471
[debug] [2025-10-25T01:45:00.005Z] Checked if tokens are valid: true, expires at: 1761360234471
[debug] [2025-10-25T01:45:00.005Z] >>> [apiv2][query] GET https://firebasedataconnect.googleapis.com/v1/projects/pencatan-keuangan/locations/us-east4/operations/operation-1761356697885-641f1d04cdaa2-cdb21478-6464e5cb [none]
[debug] [2025-10-25T01:45:00.312Z] <<< [apiv2][status] GET https://firebasedataconnect.googleapis.com/v1/projects/pencatan-keuangan/locations/us-east4/operations/operation-1761356697885-641f1d04cdaa2-cdb21478-6464e5cb 200
[debug] [2025-10-25T01:45:00.312Z] <<< [apiv2][body] GET https://firebasedataconnect.googleapis.com/v1/projects/pencatan-keuangan/locations/us-east4/operations/operation-1761356697885-641f1d04cdaa2-cdb21478-6464e5cb {"name":"projects/pencatan-keuangan/locations/us-east4/operations/operation-1761356697885-641f1d04cdaa2-cdb21478-6464e5cb","metadata":{"@type":"type.googleapis.com/google.firebase.dataconnect.v1.OperationMetadata","createTime":"2025-10-25T01:44:59.823839964Z","target":"projects/pencatan-keuangan/locations/us-east4/services/catatan-keunangan","verb":"create","requestedCancellation":false,"apiVersion":"v1"},"done":false}
[debug] [2025-10-25T01:45:00.814Z] [LRO Poller] Retrying task index 0
[debug] [2025-10-25T01:45:00.815Z] Checked if tokens are valid: true, expires at: 1761360234471
[debug] [2025-10-25T01:45:00.815Z] Checked if tokens are valid: true, expires at: 1761360234471
[debug] [2025-10-25T01:45:00.815Z] >>> [apiv2][query] GET https://firebasedataconnect.googleapis.com/v1/projects/pencatan-keuangan/locations/us-east4/operations/operation-1761356697885-641f1d04cdaa2-cdb21478-6464e5cb [none]
[debug] [2025-10-25T01:45:01.129Z] <<< [apiv2][status] GET https://firebasedataconnect.googleapis.com/v1/projects/pencatan-keuangan/locations/us-east4/operations/operation-1761356697885-641f1d04cdaa2-cdb21478-6464e5cb 200
[debug] [2025-10-25T01:45:01.129Z] <<< [apiv2][body] GET https://firebasedataconnect.googleapis.com/v1/projects/pencatan-keuangan/locations/us-east4/operations/operation-1761356697885-641f1d04cdaa2-cdb21478-6464e5cb {"name":"projects/pencatan-keuangan/locations/us-east4/operations/operation-1761356697885-641f1d04cdaa2-cdb21478-6464e5cb","metadata":{"@type":"type.googleapis.com/google.firebase.dataconnect.v1.OperationMetadata","createTime":"2025-10-25T01:44:59.823839964Z","target":"projects/pencatan-keuangan/locations/us-east4/services/catatan-keunangan","verb":"create","requestedCancellation":false,"apiVersion":"v1"},"done":false}
[debug] [2025-10-25T01:45:02.131Z] [LRO Poller] Retrying task index 0
[debug] [2025-10-25T01:45:02.132Z] Checked if tokens are valid: true, expires at: 1761360234471
[debug] [2025-10-25T01:45:02.132Z] Checked if tokens are valid: true, expires at: 1761360234471
[debug] [2025-10-25T01:45:02.132Z] >>> [apiv2][query] GET https://firebasedataconnect.googleapis.com/v1/projects/pencatan-keuangan/locations/us-east4/operations/operation-1761356697885-641f1d04cdaa2-cdb21478-6464e5cb [none]
[debug] [2025-10-25T01:45:02.453Z] <<< [apiv2][status] GET https://firebasedataconnect.googleapis.com/v1/projects/pencatan-keuangan/locations/us-east4/operations/operation-1761356697885-641f1d04cdaa2-cdb21478-6464e5cb 200
[debug] [2025-10-25T01:45:02.453Z] <<< [apiv2][body] GET https://firebasedataconnect.googleapis.com/v1/projects/pencatan-keuangan/locations/us-east4/operations/operation-1761356697885-641f1d04cdaa2-cdb21478-6464e5cb {"name":"projects/pencatan-keuangan/locations/us-east4/operations/operation-1761356697885-641f1d04cdaa2-cdb21478-6464e5cb","metadata":{"@type":"type.googleapis.com/google.firebase.dataconnect.v1.OperationMetadata","createTime":"2025-10-25T01:44:59.823839964Z","endTime":"2025-10-25T01:45:01.128146100Z","target":"projects/pencatan-keuangan/locations/us-east4/services/catatan-keunangan","verb":"create","requestedCancellation":false,"apiVersion":"v1"},"done":true,"response":{"@type":"type.googleapis.com/google.firebase.dataconnect.v1.Service","name":"projects/pencatan-keuangan/locations/us-east4/services/catatan-keunangan","createTime":"2025-10-25T01:44:59.819074795Z","updateTime":"2025-10-25T01:44:59.819074795Z","uid":"7753e10e-5ee5-42e7-bcd7-22bbb7d33875","reconciling":false,"etag":"u4cTwz0my2reXBWKPSio05HOOrjt7ykIVcfK3CiVooQ"}}
[debug] [2025-10-25T01:45:02.460Z] Checked if tokens are valid: true, expires at: 1761360234471
[debug] [2025-10-25T01:45:02.460Z] Checked if tokens are valid: true, expires at: 1761360234471
[debug] [2025-10-25T01:45:02.460Z] >>> [apiv2][query] POST https://cloudaicompanion.googleapis.com/v1beta/projects/pencatan-keuangan/locations/global/instances/default:completeTask [none]
[debug] [2025-10-25T01:45:02.460Z] >>> [apiv2][body] POST https://cloudaicompanion.googleapis.com/v1beta/projects/pencatan-keuangan/locations/global/instances/default:completeTask {"input":{"messages":[{"content":"booking","author":"USER"}]},"experienceContext":{"experience":"/appeco/firebase/fdc-schema-generator"}}
[debug] [2025-10-25T01:45:09.842Z] <<< [apiv2][status] POST https://cloudaicompanion.googleapis.com/v1beta/projects/pencatan-keuangan/locations/global/instances/default:completeTask 500
[debug] [2025-10-25T01:45:09.842Z] <<< [apiv2][body] POST https://cloudaicompanion.googleapis.com/v1beta/projects/pencatan-keuangan/locations/global/instances/default:completeTask {"error":{"code":500,"message":"Internal error encountered.","status":"INTERNAL"}}
[error] 
[error] Error: Request to https://cloudaicompanion.googleapis.com/v1beta/projects/pencatan-keuangan/locations/global/instances/default:completeTask had HTTP Error: 500, Internal error encountered.
[debug] [2025-10-25T01:45:10.471Z] Error Context: {
  "body": {
    "error": {
      "code": 500,
      "message": "Internal error encountered.",
      "status": "INTERNAL"
    }
  },
  "response": {
    "statusCode": 500
  }
}
